2019-02-28 12:49:09 INFO     V_merged Start
2019-02-28 12:49:11 INFO     V_merged Complete
2019-02-28 12:49:11 INFO     Process_All Start
2019-02-28 12:49:11 INFO     Loading Matrix
2019-02-28 12:49:11 INFO     Loaded Matrix [dim=750]
2019-02-28 12:49:11 INFO     Computing Sequence
2019-02-28 12:49:11 INFO     Best Sequence has length: 749
2019-02-28 12:49:11 INFO     Achieve Interest: [-749 -653 -619 -591 -570 -669 -712 -299 -262 -492 -445 -715 -601 -666
 -479 -263 -450 -746 -457  -31 -325 -591 -575 -351 -359 -195 -306 -246
 -479 -355 -224 -667 -656 -282 -626 -604 -367 -203 -458 -567 -353 -151
 -590 -453 -616 -465 -258 -346 -538 -216 -176 -659 -227 -730 -195 -691
 -745 -291  -78 -331 -333 -229  -21 -421 -246 -264 -170 -131 -504 -464
 -235 -416 -523 -187 -385 -632  -93 -288 -351 -189 -514 -689 -658 -205
 -191 -291 -241 -170 -151 -121 -398 -658 -268 -212 -591 -441   -9 -272
 -481 -587 -172 -215 -455 -610 -133 -237 -498 -697 -445 -220 -183 -151
 -589 -190  -51 -160 -718 -480 -294 -461 -169 -316 -142 -198 -674 -621
 -102 -287 -486 -116 -317 -182 -195 -204 -518 -365 -148  -96 -449 -530
 -277 -231 -236 -549 -373 -716 -118 -457 -506 -674 -488 -400  -28 -394
 -157 -283 -375 -626 -442 -510 -172 -218 -629 -584 -386  -91 -467 -714
 -217 -576 -348  -28 -124 -125 -713 -375  -71 -145 -226  -30 -373 -163
 -587 -346 -222 -162 -282 -663  -59 -605 -120 -127 -102  -31 -102  -71
 -660 -133 -715 -436 -436 -171  -27  -66 -460 -320 -228 -645 -112 -138
 -725  -83  -46 -585 -246 -343 -273 -420 -392 -278 -668 -558 -460 -157
 -375 -160  -22  -79 -357 -322    4 -290  -43 -522 -681 -336 -472 -380
 -484 -404 -154  -94 -510 -121 -163 -358 -332 -329 -112 -124   45 -308
  -44 -575 -214 -519 -485  -79 -231 -190  -38 -143  -39 -104 -249 -189
 -375  -69 -205 -113  -89  -71  -87 -278 -314    4  -64 -251 -526 -445
 -118  -93    2 -473  -98 -356 -264  -90 -657 -169 -592   13  -52 -227
  -43 -486 -681 -479   10 -344 -301 -250 -178    0 -333 -159   20 -135
 -565 -314 -543 -367  -13  -41   -1  -10 -335 -594   -1 -142 -184 -102
 -131 -602 -664  -54 -119 -152 -462  -48 -274  -19   53 -186 -168  -48
   67 -653  -72 -487   33  -11 -116   15  -24 -217 -266 -208  -15 -302
 -184  -36   32 -250  -49 -316 -271   33  -13 -132 -480   49  -74 -349
 -233 -490  -73 -270 -160   14 -593 -187 -473 -156  -14   33 -146 -728
    9 -221   52  -11  -58 -500  -82   -3 -660  -61 -268 -228  -76   33
 -325   17   29   42   34   -4   62 -631 -210 -222  -67 -250 -202   15
 -250 -189  -67 -660 -163   38  -72 -350  -25  -49  -43 -195 -691   89
  -51    0  -97   55 -103 -342  -42   28   25  -51 -286    9 -588  -59
   66 -268   32   27   33   16   26 -239   17   96 -284 -559 -231 -447
   53 -550   77  107   34   42   24 -503   20 -136  119   42   35 -120
   82 -557  -78   75   37 -600 -361  107 -105   44 -280  -91   22   38
 -131 -318   72   51 -175 -279 -108 -332   52   99  -87   82   88   42
   21  -27   49   69   84   42   35 -129   62   60 -633 -723 -652 -595
 -490 -650 -726 -490 -579 -132 -426 -550 -684 -736 -361 -173 -729 -623
  164 -390 -314 -677 -609 -210 -728 -483 -594 -388 -344 -588  159 -712
 -496 -356 -391 -357 -309 -487   54 -112 -661 -499 -304 -622 -205 -666
 -598 -292 -738 -561 -405 -574 -692 -601 -617 -531 -644 -335 -709 -326
 -585 -540 -684 -624 -618 -362 -687 -574 -570 -267 -448 -717 -701 -486
 -218 -539 -672 -679 -728 -528 -231 -218    3 -608 -675 -260 -396 -198
 -675 -338 -579 -544 -351  115 -222 -366 -458 -572 -261 -469 -520 -303
  -98 -681 -199  148 -739 -342 -557 -488 -395 -474 -106 -275 -215 -207
 -358 -743 -440 -347 -501 -369 -498 -210 -335 -413  138 -494 -556 -654
 -182 -647 -160 -448 -585 -671 -442 -106 -680 -145 -310   47 -264 -547
 -479 -522 -287 -648 -718 -339  158 -711 -157 -461 -558 -192 -662 -148
   -6 -345   16 -494 -533 -669 -251 -595 -307 -384 -352 -372 -692 -172
 -447 -513 -457  -80 -602 -255  -91 -704 -582  -92 -451 -402 -704 -413
 -482 -462 -291 -338  -85 -224 -225 -301 -136 -243 -378  -77 -102 -104
 -483  -38 -595 -160 -537   -6 -457 -323 -382  101  100 -302   53   19
  -45  -14 -531   82 -485  -59 -473 -288 -102 -117 -232 -314  130  144
 -246 -146   46  149 -733  -56 -415 -412   27 -488 -497 -158 -291 -600
   35  -50 -493 -355 -281 -265 -576   34]
